<?xml version="1.0" encoding="UTF-8"?>
<testsuite xmlns:xsi="http://www.w3.org/2001/XMLSchema-instance" xsi:noNamespaceSchemaLocation="https://maven.apache.org/surefire/maven-surefire-plugin/xsd/surefire-test-report.xsd" name="com.atguigu.gulimall.gateway.GulimallGatewayApplicationTests" time="11.116" tests="1" errors="0" skipped="0" failures="0">
  <properties>
    <property name="sun.desktop" value="windows"/>
    <property name="awt.toolkit" value="sun.awt.windows.WToolkit"/>
    <property name="file.encoding.pkg" value="sun.io"/>
    <property name="java.specification.version" value="1.8"/>
    <property name="sun.cpu.isalist" value="amd64"/>
    <property name="sun.jnu.encoding" value="GBK"/>
    <property name="java.class.path" value="C:\hyWorkSpace\gulimall\gulimall-gateway\target\test-classes;C:\hyWorkSpace\gulimall\gulimall-gateway\target\classes;C:\hyWorkSpace\gulimall\gulimall-common\target\gulimall-common-0.0.1-SNAPSHOT.jar;C:\software\apache-maven-3.6.3\repo\com\baomidou\mybatis-plus-boot-starter\3.2.0\mybatis-plus-boot-starter-3.2.0.jar;C:\software\apache-maven-3.6.3\repo\com\baomidou\mybatis-plus\3.2.0\mybatis-plus-3.2.0.jar;C:\software\apache-maven-3.6.3\repo\com\baomidou\mybatis-plus-extension\3.2.0\mybatis-plus-extension-3.2.0.jar;C:\software\apache-maven-3.6.3\repo\com\baomidou\mybatis-plus-core\3.2.0\mybatis-plus-core-3.2.0.jar;C:\software\apache-maven-3.6.3\repo\com\baomidou\mybatis-plus-annotation\3.2.0\mybatis-plus-annotation-3.2.0.jar;C:\software\apache-maven-3.6.3\repo\com\github\jsqlparser\jsqlparser\2.1\jsqlparser-2.1.jar;C:\software\apache-maven-3.6.3\repo\org\mybatis\mybatis\3.5.2\mybatis-3.5.2.jar;C:\software\apache-maven-3.6.3\repo\org\mybatis\mybatis-spring\2.0.2\mybatis-spring-2.0.2.jar;C:\software\apache-maven-3.6.3\repo\org\springframework\boot\spring-boot-autoconfigure\2.1.8.RELEASE\spring-boot-autoconfigure-2.1.8.RELEASE.jar;C:\software\apache-maven-3.6.3\repo\org\springframework\boot\spring-boot-starter-jdbc\2.1.8.RELEASE\spring-boot-starter-jdbc-2.1.8.RELEASE.jar;C:\software\apache-maven-3.6.3\repo\com\zaxxer\HikariCP\3.2.0\HikariCP-3.2.0.jar;C:\software\apache-maven-3.6.3\repo\org\springframework\spring-jdbc\5.1.9.RELEASE\spring-jdbc-5.1.9.RELEASE.jar;C:\software\apache-maven-3.6.3\repo\org\springframework\spring-tx\5.1.9.RELEASE\spring-tx-5.1.9.RELEASE.jar;C:\software\apache-maven-3.6.3\repo\org\projectlombok\lombok\1.18.8\lombok-1.18.8.jar;C:\software\apache-maven-3.6.3\repo\org\apache\httpcomponents\httpcore\4.4.12\httpcore-4.4.12.jar;C:\software\apache-maven-3.6.3\repo\commons-lang\commons-lang\2.6\commons-lang-2.6.jar;C:\software\apache-maven-3.6.3\repo\mysql\mysql-connector-java\8.0.17\mysql-connector-java-8.0.17.jar;C:\software\apache-maven-3.6.3\repo\com\alibaba\cloud\spring-cloud-starter-alibaba-nacos-discovery\2.1.0.RELEASE\spring-cloud-starter-alibaba-nacos-discovery-2.1.0.RELEASE.jar;C:\software\apache-maven-3.6.3\repo\com\alibaba\cloud\spring-cloud-alibaba-nacos-discovery\2.1.0.RELEASE\spring-cloud-alibaba-nacos-discovery-2.1.0.RELEASE.jar;C:\software\apache-maven-3.6.3\repo\com\alibaba\nacos\nacos-client\1.1.1\nacos-client-1.1.1.jar;C:\software\apache-maven-3.6.3\repo\com\alibaba\nacos\nacos-common\1.1.1\nacos-common-1.1.1.jar;C:\software\apache-maven-3.6.3\repo\commons-io\commons-io\2.2\commons-io-2.2.jar;C:\software\apache-maven-3.6.3\repo\org\apache\commons\commons-lang3\3.8.1\commons-lang3-3.8.1.jar;C:\software\apache-maven-3.6.3\repo\com\alibaba\nacos\nacos-api\1.1.1\nacos-api-1.1.1.jar;C:\software\apache-maven-3.6.3\repo\com\alibaba\fastjson\1.2.47\fastjson-1.2.47.jar;C:\software\apache-maven-3.6.3\repo\com\google\guava\guava\19.0\guava-19.0.jar;C:\software\apache-maven-3.6.3\repo\commons-codec\commons-codec\1.11\commons-codec-1.11.jar;C:\software\apache-maven-3.6.3\repo\com\fasterxml\jackson\core\jackson-core\2.9.9\jackson-core-2.9.9.jar;C:\software\apache-maven-3.6.3\repo\io\prometheus\simpleclient\0.5.0\simpleclient-0.5.0.jar;C:\software\apache-maven-3.6.3\repo\org\springframework\cloud\spring-cloud-starter-netflix-ribbon\2.1.3.RELEASE\spring-cloud-starter-netflix-ribbon-2.1.3.RELEASE.jar;C:\software\apache-maven-3.6.3\repo\org\springframework\cloud\spring-cloud-netflix-ribbon\2.1.3.RELEASE\spring-cloud-netflix-ribbon-2.1.3.RELEASE.jar;C:\software\apache-maven-3.6.3\repo\org\springframework\cloud\spring-cloud-netflix-archaius\2.1.3.RELEASE\spring-cloud-netflix-archaius-2.1.3.RELEASE.jar;C:\software\apache-maven-3.6.3\repo\org\springframework\cloud\spring-cloud-starter-netflix-archaius\2.1.3.RELEASE\spring-cloud-starter-netflix-archaius-2.1.3.RELEASE.jar;C:\software\apache-maven-3.6.3\repo\com\netflix\archaius\archaius-core\0.7.6\archaius-core-0.7.6.jar;C:\software\apache-maven-3.6.3\repo\com\google\code\findbugs\jsr305\3.0.1\jsr305-3.0.1.jar;C:\software\apache-maven-3.6.3\repo\commons-configuration\commons-configuration\1.8\commons-configuration-1.8.jar;C:\software\apache-maven-3.6.3\repo\com\netflix\ribbon\ribbon\2.3.0\ribbon-2.3.0.jar;C:\software\apache-maven-3.6.3\repo\com\netflix\ribbon\ribbon-transport\2.3.0\ribbon-transport-2.3.0.jar;C:\software\apache-maven-3.6.3\repo\io\reactivex\rxnetty-contexts\0.4.9\rxnetty-contexts-0.4.9.jar;C:\software\apache-maven-3.6.3\repo\io\reactivex\rxnetty-servo\0.4.9\rxnetty-servo-0.4.9.jar;C:\software\apache-maven-3.6.3\repo\com\netflix\hystrix\hystrix-core\1.5.18\hystrix-core-1.5.18.jar;C:\software\apache-maven-3.6.3\repo\org\hdrhistogram\HdrHistogram\2.1.9\HdrHistogram-2.1.9.jar;C:\software\apache-maven-3.6.3\repo\javax\inject\javax.inject\1\javax.inject-1.jar;C:\software\apache-maven-3.6.3\repo\io\reactivex\rxnetty\0.4.9\rxnetty-0.4.9.jar;C:\software\apache-maven-3.6.3\repo\com\netflix\ribbon\ribbon-core\2.3.0\ribbon-core-2.3.0.jar;C:\software\apache-maven-3.6.3\repo\com\netflix\ribbon\ribbon-httpclient\2.3.0\ribbon-httpclient-2.3.0.jar;C:\software\apache-maven-3.6.3\repo\commons-collections\commons-collections\3.2.2\commons-collections-3.2.2.jar;C:\software\apache-maven-3.6.3\repo\org\apache\httpcomponents\httpclient\4.5.9\httpclient-4.5.9.jar;C:\software\apache-maven-3.6.3\repo\com\sun\jersey\jersey-client\1.19.1\jersey-client-1.19.1.jar;C:\software\apache-maven-3.6.3\repo\com\sun\jersey\jersey-core\1.19.1\jersey-core-1.19.1.jar;C:\software\apache-maven-3.6.3\repo\javax\ws\rs\jsr311-api\1.1.1\jsr311-api-1.1.1.jar;C:\software\apache-maven-3.6.3\repo\com\sun\jersey\contribs\jersey-apache-client4\1.19.1\jersey-apache-client4-1.19.1.jar;C:\software\apache-maven-3.6.3\repo\com\netflix\servo\servo-core\0.12.21\servo-core-0.12.21.jar;C:\software\apache-maven-3.6.3\repo\com\netflix\netflix-commons\netflix-commons-util\0.3.0\netflix-commons-util-0.3.0.jar;C:\software\apache-maven-3.6.3\repo\com\netflix\ribbon\ribbon-loadbalancer\2.3.0\ribbon-loadbalancer-2.3.0.jar;C:\software\apache-maven-3.6.3\repo\com\netflix\netflix-commons\netflix-statistics\0.1.1\netflix-statistics-0.1.1.jar;C:\software\apache-maven-3.6.3\repo\io\reactivex\rxjava\1.3.8\rxjava-1.3.8.jar;C:\software\apache-maven-3.6.3\repo\com\alibaba\cloud\spring-cloud-starter-alibaba-nacos-config\2.1.0.RELEASE\spring-cloud-starter-alibaba-nacos-config-2.1.0.RELEASE.jar;C:\software\apache-maven-3.6.3\repo\com\alibaba\cloud\spring-cloud-alibaba-nacos-config\2.1.0.RELEASE\spring-cloud-alibaba-nacos-config-2.1.0.RELEASE.jar;C:\software\apache-maven-3.6.3\repo\javax\validation\validation-api\2.0.1.Final\validation-api-2.0.1.Final.jar;C:\software\apache-maven-3.6.3\repo\org\springframework\cloud\spring-cloud-starter-gateway\2.1.3.RELEASE\spring-cloud-starter-gateway-2.1.3.RELEASE.jar;C:\software\apache-maven-3.6.3\repo\org\springframework\cloud\spring-cloud-starter\2.1.3.RELEASE\spring-cloud-starter-2.1.3.RELEASE.jar;C:\software\apache-maven-3.6.3\repo\org\springframework\cloud\spring-cloud-context\2.1.3.RELEASE\spring-cloud-context-2.1.3.RELEASE.jar;C:\software\apache-maven-3.6.3\repo\org\springframework\security\spring-security-crypto\5.1.6.RELEASE\spring-security-crypto-5.1.6.RELEASE.jar;C:\software\apache-maven-3.6.3\repo\org\springframework\cloud\spring-cloud-commons\2.1.3.RELEASE\spring-cloud-commons-2.1.3.RELEASE.jar;C:\software\apache-maven-3.6.3\repo\org\springframework\security\spring-security-rsa\1.0.7.RELEASE\spring-security-rsa-1.0.7.RELEASE.jar;C:\software\apache-maven-3.6.3\repo\org\bouncycastle\bcpkix-jdk15on\1.60\bcpkix-jdk15on-1.60.jar;C:\software\apache-maven-3.6.3\repo\org\bouncycastle\bcprov-jdk15on\1.60\bcprov-jdk15on-1.60.jar;C:\software\apache-maven-3.6.3\repo\org\springframework\cloud\spring-cloud-gateway-core\2.1.3.RELEASE\spring-cloud-gateway-core-2.1.3.RELEASE.jar;C:\software\apache-maven-3.6.3\repo\io\projectreactor\addons\reactor-extra\3.2.3.RELEASE\reactor-extra-3.2.3.RELEASE.jar;C:\software\apache-maven-3.6.3\repo\io\projectreactor\reactor-core\3.2.12.RELEASE\reactor-core-3.2.12.RELEASE.jar;C:\software\apache-maven-3.6.3\repo\org\reactivestreams\reactive-streams\1.0.3\reactive-streams-1.0.3.jar;C:\software\apache-maven-3.6.3\repo\org\springframework\boot\spring-boot-starter-webflux\2.1.8.RELEASE\spring-boot-starter-webflux-2.1.8.RELEASE.jar;C:\software\apache-maven-3.6.3\repo\org\springframework\boot\spring-boot-starter-json\2.1.8.RELEASE\spring-boot-starter-json-2.1.8.RELEASE.jar;C:\software\apache-maven-3.6.3\repo\com\fasterxml\jackson\core\jackson-databind\2.9.9.3\jackson-databind-2.9.9.3.jar;C:\software\apache-maven-3.6.3\repo\com\fasterxml\jackson\core\jackson-annotations\2.9.0\jackson-annotations-2.9.0.jar;C:\software\apache-maven-3.6.3\repo\com\fasterxml\jackson\datatype\jackson-datatype-jdk8\2.9.9\jackson-datatype-jdk8-2.9.9.jar;C:\software\apache-maven-3.6.3\repo\com\fasterxml\jackson\datatype\jackson-datatype-jsr310\2.9.9\jackson-datatype-jsr310-2.9.9.jar;C:\software\apache-maven-3.6.3\repo\com\fasterxml\jackson\module\jackson-module-parameter-names\2.9.9\jackson-module-parameter-names-2.9.9.jar;C:\software\apache-maven-3.6.3\repo\org\springframework\boot\spring-boot-starter-reactor-netty\2.1.8.RELEASE\spring-boot-starter-reactor-netty-2.1.8.RELEASE.jar;C:\software\apache-maven-3.6.3\repo\io\projectreactor\netty\reactor-netty\0.8.11.RELEASE\reactor-netty-0.8.11.RELEASE.jar;C:\software\apache-maven-3.6.3\repo\io\netty\netty-codec-http\4.1.39.Final\netty-codec-http-4.1.39.Final.jar;C:\software\apache-maven-3.6.3\repo\io\netty\netty-common\4.1.39.Final\netty-common-4.1.39.Final.jar;C:\software\apache-maven-3.6.3\repo\io\netty\netty-buffer\4.1.39.Final\netty-buffer-4.1.39.Final.jar;C:\software\apache-maven-3.6.3\repo\io\netty\netty-transport\4.1.39.Final\netty-transport-4.1.39.Final.jar;C:\software\apache-maven-3.6.3\repo\io\netty\netty-resolver\4.1.39.Final\netty-resolver-4.1.39.Final.jar;C:\software\apache-maven-3.6.3\repo\io\netty\netty-codec\4.1.39.Final\netty-codec-4.1.39.Final.jar;C:\software\apache-maven-3.6.3\repo\io\netty\netty-codec-http2\4.1.39.Final\netty-codec-http2-4.1.39.Final.jar;C:\software\apache-maven-3.6.3\repo\io\netty\netty-handler\4.1.39.Final\netty-handler-4.1.39.Final.jar;C:\software\apache-maven-3.6.3\repo\io\netty\netty-handler-proxy\4.1.39.Final\netty-handler-proxy-4.1.39.Final.jar;C:\software\apache-maven-3.6.3\repo\io\netty\netty-codec-socks\4.1.39.Final\netty-codec-socks-4.1.39.Final.jar;C:\software\apache-maven-3.6.3\repo\io\netty\netty-transport-native-epoll\4.1.39.Final\netty-transport-native-epoll-4.1.39.Final-linux-x86_64.jar;C:\software\apache-maven-3.6.3\repo\io\netty\netty-transport-native-unix-common\4.1.39.Final\netty-transport-native-unix-common-4.1.39.Final.jar;C:\software\apache-maven-3.6.3\repo\org\glassfish\javax.el\3.0.0\javax.el-3.0.0.jar;C:\software\apache-maven-3.6.3\repo\org\hibernate\validator\hibernate-validator\6.0.17.Final\hibernate-validator-6.0.17.Final.jar;C:\software\apache-maven-3.6.3\repo\org\jboss\logging\jboss-logging\3.3.3.Final\jboss-logging-3.3.3.Final.jar;C:\software\apache-maven-3.6.3\repo\com\fasterxml\classmate\1.4.0\classmate-1.4.0.jar;C:\software\apache-maven-3.6.3\repo\org\springframework\spring-web\5.1.9.RELEASE\spring-web-5.1.9.RELEASE.jar;C:\software\apache-maven-3.6.3\repo\org\springframework\spring-beans\5.1.9.RELEASE\spring-beans-5.1.9.RELEASE.jar;C:\software\apache-maven-3.6.3\repo\org\springframework\spring-webflux\5.1.9.RELEASE\spring-webflux-5.1.9.RELEASE.jar;C:\software\apache-maven-3.6.3\repo\org\synchronoss\cloud\nio-multipart-parser\1.1.0\nio-multipart-parser-1.1.0.jar;C:\software\apache-maven-3.6.3\repo\org\synchronoss\cloud\nio-stream-storage\1.1.3\nio-stream-storage-1.1.3.jar;C:\software\apache-maven-3.6.3\repo\org\springframework\boot\spring-boot-starter-test\2.1.8.RELEASE\spring-boot-starter-test-2.1.8.RELEASE.jar;C:\software\apache-maven-3.6.3\repo\org\springframework\boot\spring-boot-starter\2.1.8.RELEASE\spring-boot-starter-2.1.8.RELEASE.jar;C:\software\apache-maven-3.6.3\repo\org\springframework\boot\spring-boot\2.1.8.RELEASE\spring-boot-2.1.8.RELEASE.jar;C:\software\apache-maven-3.6.3\repo\org\springframework\spring-context\5.1.9.RELEASE\spring-context-5.1.9.RELEASE.jar;C:\software\apache-maven-3.6.3\repo\org\springframework\spring-aop\5.1.9.RELEASE\spring-aop-5.1.9.RELEASE.jar;C:\software\apache-maven-3.6.3\repo\org\springframework\spring-expression\5.1.9.RELEASE\spring-expression-5.1.9.RELEASE.jar;C:\software\apache-maven-3.6.3\repo\org\springframework\boot\spring-boot-starter-logging\2.1.8.RELEASE\spring-boot-starter-logging-2.1.8.RELEASE.jar;C:\software\apache-maven-3.6.3\repo\ch\qos\logback\logback-classic\1.2.3\logback-classic-1.2.3.jar;C:\software\apache-maven-3.6.3\repo\ch\qos\logback\logback-core\1.2.3\logback-core-1.2.3.jar;C:\software\apache-maven-3.6.3\repo\org\apache\logging\log4j\log4j-to-slf4j\2.11.2\log4j-to-slf4j-2.11.2.jar;C:\software\apache-maven-3.6.3\repo\org\apache\logging\log4j\log4j-api\2.11.2\log4j-api-2.11.2.jar;C:\software\apache-maven-3.6.3\repo\org\slf4j\jul-to-slf4j\1.7.28\jul-to-slf4j-1.7.28.jar;C:\software\apache-maven-3.6.3\repo\javax\annotation\javax.annotation-api\1.3.2\javax.annotation-api-1.3.2.jar;C:\software\apache-maven-3.6.3\repo\org\yaml\snakeyaml\1.23\snakeyaml-1.23.jar;C:\software\apache-maven-3.6.3\repo\org\springframework\boot\spring-boot-test\2.1.8.RELEASE\spring-boot-test-2.1.8.RELEASE.jar;C:\software\apache-maven-3.6.3\repo\org\springframework\boot\spring-boot-test-autoconfigure\2.1.8.RELEASE\spring-boot-test-autoconfigure-2.1.8.RELEASE.jar;C:\software\apache-maven-3.6.3\repo\com\jayway\jsonpath\json-path\2.4.0\json-path-2.4.0.jar;C:\software\apache-maven-3.6.3\repo\net\minidev\json-smart\2.3\json-smart-2.3.jar;C:\software\apache-maven-3.6.3\repo\net\minidev\accessors-smart\1.2\accessors-smart-1.2.jar;C:\software\apache-maven-3.6.3\repo\org\ow2\asm\asm\5.0.4\asm-5.0.4.jar;C:\software\apache-maven-3.6.3\repo\org\slf4j\slf4j-api\1.7.28\slf4j-api-1.7.28.jar;C:\software\apache-maven-3.6.3\repo\junit\junit\4.12\junit-4.12.jar;C:\software\apache-maven-3.6.3\repo\org\assertj\assertj-core\3.11.1\assertj-core-3.11.1.jar;C:\software\apache-maven-3.6.3\repo\org\mockito\mockito-core\2.23.4\mockito-core-2.23.4.jar;C:\software\apache-maven-3.6.3\repo\net\bytebuddy\byte-buddy\1.9.16\byte-buddy-1.9.16.jar;C:\software\apache-maven-3.6.3\repo\net\bytebuddy\byte-buddy-agent\1.9.16\byte-buddy-agent-1.9.16.jar;C:\software\apache-maven-3.6.3\repo\org\objenesis\objenesis\2.6\objenesis-2.6.jar;C:\software\apache-maven-3.6.3\repo\org\hamcrest\hamcrest-core\1.3\hamcrest-core-1.3.jar;C:\software\apache-maven-3.6.3\repo\org\hamcrest\hamcrest-library\1.3\hamcrest-library-1.3.jar;C:\software\apache-maven-3.6.3\repo\org\skyscreamer\jsonassert\1.5.0\jsonassert-1.5.0.jar;C:\software\apache-maven-3.6.3\repo\com\vaadin\external\google\android-json\0.0.20131108.vaadin1\android-json-0.0.20131108.vaadin1.jar;C:\software\apache-maven-3.6.3\repo\org\springframework\spring-core\5.1.9.RELEASE\spring-core-5.1.9.RELEASE.jar;C:\software\apache-maven-3.6.3\repo\org\springframework\spring-jcl\5.1.9.RELEASE\spring-jcl-5.1.9.RELEASE.jar;C:\software\apache-maven-3.6.3\repo\org\springframework\spring-test\5.1.9.RELEASE\spring-test-5.1.9.RELEASE.jar;C:\software\apache-maven-3.6.3\repo\org\xmlunit\xmlunit-core\2.6.3\xmlunit-core-2.6.3.jar;"/>
    <property name="java.vm.vendor" value="Oracle Corporation"/>
    <property name="sun.arch.data.model" value="64"/>
    <property name="user.variant" value=""/>
    <property name="java.vendor.url" value="http://java.oracle.com/"/>
    <property name="user.timezone" value="Asia/Shanghai"/>
    <property name="java.vm.specification.version" value="1.8"/>
    <property name="os.name" value="Windows 8.1"/>
    <property name="user.country" value="CN"/>
    <property name="sun.java.launcher" value="SUN_STANDARD"/>
    <property name="sun.boot.library.path" value="C:\software\JDK8_64\jre\bin"/>
    <property name="sun.java.command" value="C:\Users\dou\AppData\Local\Temp\surefire5852007031926099579\surefirebooter7294472507852953942.jar C:\Users\dou\AppData\Local\Temp\surefire5852007031926099579 2023-06-14T11-26-55_192-jvmRun1 surefire7765717393981186839tmp surefire_17911546626711859904tmp"/>
    <property name="surefire.test.class.path" value="C:\hyWorkSpace\gulimall\gulimall-gateway\target\test-classes;C:\hyWorkSpace\gulimall\gulimall-gateway\target\classes;C:\hyWorkSpace\gulimall\gulimall-common\target\gulimall-common-0.0.1-SNAPSHOT.jar;C:\software\apache-maven-3.6.3\repo\com\baomidou\mybatis-plus-boot-starter\3.2.0\mybatis-plus-boot-starter-3.2.0.jar;C:\software\apache-maven-3.6.3\repo\com\baomidou\mybatis-plus\3.2.0\mybatis-plus-3.2.0.jar;C:\software\apache-maven-3.6.3\repo\com\baomidou\mybatis-plus-extension\3.2.0\mybatis-plus-extension-3.2.0.jar;C:\software\apache-maven-3.6.3\repo\com\baomidou\mybatis-plus-core\3.2.0\mybatis-plus-core-3.2.0.jar;C:\software\apache-maven-3.6.3\repo\com\baomidou\mybatis-plus-annotation\3.2.0\mybatis-plus-annotation-3.2.0.jar;C:\software\apache-maven-3.6.3\repo\com\github\jsqlparser\jsqlparser\2.1\jsqlparser-2.1.jar;C:\software\apache-maven-3.6.3\repo\org\mybatis\mybatis\3.5.2\mybatis-3.5.2.jar;C:\software\apache-maven-3.6.3\repo\org\mybatis\mybatis-spring\2.0.2\mybatis-spring-2.0.2.jar;C:\software\apache-maven-3.6.3\repo\org\springframework\boot\spring-boot-autoconfigure\2.1.8.RELEASE\spring-boot-autoconfigure-2.1.8.RELEASE.jar;C:\software\apache-maven-3.6.3\repo\org\springframework\boot\spring-boot-starter-jdbc\2.1.8.RELEASE\spring-boot-starter-jdbc-2.1.8.RELEASE.jar;C:\software\apache-maven-3.6.3\repo\com\zaxxer\HikariCP\3.2.0\HikariCP-3.2.0.jar;C:\software\apache-maven-3.6.3\repo\org\springframework\spring-jdbc\5.1.9.RELEASE\spring-jdbc-5.1.9.RELEASE.jar;C:\software\apache-maven-3.6.3\repo\org\springframework\spring-tx\5.1.9.RELEASE\spring-tx-5.1.9.RELEASE.jar;C:\software\apache-maven-3.6.3\repo\org\projectlombok\lombok\1.18.8\lombok-1.18.8.jar;C:\software\apache-maven-3.6.3\repo\org\apache\httpcomponents\httpcore\4.4.12\httpcore-4.4.12.jar;C:\software\apache-maven-3.6.3\repo\commons-lang\commons-lang\2.6\commons-lang-2.6.jar;C:\software\apache-maven-3.6.3\repo\mysql\mysql-connector-java\8.0.17\mysql-connector-java-8.0.17.jar;C:\software\apache-maven-3.6.3\repo\com\alibaba\cloud\spring-cloud-starter-alibaba-nacos-discovery\2.1.0.RELEASE\spring-cloud-starter-alibaba-nacos-discovery-2.1.0.RELEASE.jar;C:\software\apache-maven-3.6.3\repo\com\alibaba\cloud\spring-cloud-alibaba-nacos-discovery\2.1.0.RELEASE\spring-cloud-alibaba-nacos-discovery-2.1.0.RELEASE.jar;C:\software\apache-maven-3.6.3\repo\com\alibaba\nacos\nacos-client\1.1.1\nacos-client-1.1.1.jar;C:\software\apache-maven-3.6.3\repo\com\alibaba\nacos\nacos-common\1.1.1\nacos-common-1.1.1.jar;C:\software\apache-maven-3.6.3\repo\commons-io\commons-io\2.2\commons-io-2.2.jar;C:\software\apache-maven-3.6.3\repo\org\apache\commons\commons-lang3\3.8.1\commons-lang3-3.8.1.jar;C:\software\apache-maven-3.6.3\repo\com\alibaba\nacos\nacos-api\1.1.1\nacos-api-1.1.1.jar;C:\software\apache-maven-3.6.3\repo\com\alibaba\fastjson\1.2.47\fastjson-1.2.47.jar;C:\software\apache-maven-3.6.3\repo\com\google\guava\guava\19.0\guava-19.0.jar;C:\software\apache-maven-3.6.3\repo\commons-codec\commons-codec\1.11\commons-codec-1.11.jar;C:\software\apache-maven-3.6.3\repo\com\fasterxml\jackson\core\jackson-core\2.9.9\jackson-core-2.9.9.jar;C:\software\apache-maven-3.6.3\repo\io\prometheus\simpleclient\0.5.0\simpleclient-0.5.0.jar;C:\software\apache-maven-3.6.3\repo\org\springframework\cloud\spring-cloud-starter-netflix-ribbon\2.1.3.RELEASE\spring-cloud-starter-netflix-ribbon-2.1.3.RELEASE.jar;C:\software\apache-maven-3.6.3\repo\org\springframework\cloud\spring-cloud-netflix-ribbon\2.1.3.RELEASE\spring-cloud-netflix-ribbon-2.1.3.RELEASE.jar;C:\software\apache-maven-3.6.3\repo\org\springframework\cloud\spring-cloud-netflix-archaius\2.1.3.RELEASE\spring-cloud-netflix-archaius-2.1.3.RELEASE.jar;C:\software\apache-maven-3.6.3\repo\org\springframework\cloud\spring-cloud-starter-netflix-archaius\2.1.3.RELEASE\spring-cloud-starter-netflix-archaius-2.1.3.RELEASE.jar;C:\software\apache-maven-3.6.3\repo\com\netflix\archaius\archaius-core\0.7.6\archaius-core-0.7.6.jar;C:\software\apache-maven-3.6.3\repo\com\google\code\findbugs\jsr305\3.0.1\jsr305-3.0.1.jar;C:\software\apache-maven-3.6.3\repo\commons-configuration\commons-configuration\1.8\commons-configuration-1.8.jar;C:\software\apache-maven-3.6.3\repo\com\netflix\ribbon\ribbon\2.3.0\ribbon-2.3.0.jar;C:\software\apache-maven-3.6.3\repo\com\netflix\ribbon\ribbon-transport\2.3.0\ribbon-transport-2.3.0.jar;C:\software\apache-maven-3.6.3\repo\io\reactivex\rxnetty-contexts\0.4.9\rxnetty-contexts-0.4.9.jar;C:\software\apache-maven-3.6.3\repo\io\reactivex\rxnetty-servo\0.4.9\rxnetty-servo-0.4.9.jar;C:\software\apache-maven-3.6.3\repo\com\netflix\hystrix\hystrix-core\1.5.18\hystrix-core-1.5.18.jar;C:\software\apache-maven-3.6.3\repo\org\hdrhistogram\HdrHistogram\2.1.9\HdrHistogram-2.1.9.jar;C:\software\apache-maven-3.6.3\repo\javax\inject\javax.inject\1\javax.inject-1.jar;C:\software\apache-maven-3.6.3\repo\io\reactivex\rxnetty\0.4.9\rxnetty-0.4.9.jar;C:\software\apache-maven-3.6.3\repo\com\netflix\ribbon\ribbon-core\2.3.0\ribbon-core-2.3.0.jar;C:\software\apache-maven-3.6.3\repo\com\netflix\ribbon\ribbon-httpclient\2.3.0\ribbon-httpclient-2.3.0.jar;C:\software\apache-maven-3.6.3\repo\commons-collections\commons-collections\3.2.2\commons-collections-3.2.2.jar;C:\software\apache-maven-3.6.3\repo\org\apache\httpcomponents\httpclient\4.5.9\httpclient-4.5.9.jar;C:\software\apache-maven-3.6.3\repo\com\sun\jersey\jersey-client\1.19.1\jersey-client-1.19.1.jar;C:\software\apache-maven-3.6.3\repo\com\sun\jersey\jersey-core\1.19.1\jersey-core-1.19.1.jar;C:\software\apache-maven-3.6.3\repo\javax\ws\rs\jsr311-api\1.1.1\jsr311-api-1.1.1.jar;C:\software\apache-maven-3.6.3\repo\com\sun\jersey\contribs\jersey-apache-client4\1.19.1\jersey-apache-client4-1.19.1.jar;C:\software\apache-maven-3.6.3\repo\com\netflix\servo\servo-core\0.12.21\servo-core-0.12.21.jar;C:\software\apache-maven-3.6.3\repo\com\netflix\netflix-commons\netflix-commons-util\0.3.0\netflix-commons-util-0.3.0.jar;C:\software\apache-maven-3.6.3\repo\com\netflix\ribbon\ribbon-loadbalancer\2.3.0\ribbon-loadbalancer-2.3.0.jar;C:\software\apache-maven-3.6.3\repo\com\netflix\netflix-commons\netflix-statistics\0.1.1\netflix-statistics-0.1.1.jar;C:\software\apache-maven-3.6.3\repo\io\reactivex\rxjava\1.3.8\rxjava-1.3.8.jar;C:\software\apache-maven-3.6.3\repo\com\alibaba\cloud\spring-cloud-starter-alibaba-nacos-config\2.1.0.RELEASE\spring-cloud-starter-alibaba-nacos-config-2.1.0.RELEASE.jar;C:\software\apache-maven-3.6.3\repo\com\alibaba\cloud\spring-cloud-alibaba-nacos-config\2.1.0.RELEASE\spring-cloud-alibaba-nacos-config-2.1.0.RELEASE.jar;C:\software\apache-maven-3.6.3\repo\javax\validation\validation-api\2.0.1.Final\validation-api-2.0.1.Final.jar;C:\software\apache-maven-3.6.3\repo\org\springframework\cloud\spring-cloud-starter-gateway\2.1.3.RELEASE\spring-cloud-starter-gateway-2.1.3.RELEASE.jar;C:\software\apache-maven-3.6.3\repo\org\springframework\cloud\spring-cloud-starter\2.1.3.RELEASE\spring-cloud-starter-2.1.3.RELEASE.jar;C:\software\apache-maven-3.6.3\repo\org\springframework\cloud\spring-cloud-context\2.1.3.RELEASE\spring-cloud-context-2.1.3.RELEASE.jar;C:\software\apache-maven-3.6.3\repo\org\springframework\security\spring-security-crypto\5.1.6.RELEASE\spring-security-crypto-5.1.6.RELEASE.jar;C:\software\apache-maven-3.6.3\repo\org\springframework\cloud\spring-cloud-commons\2.1.3.RELEASE\spring-cloud-commons-2.1.3.RELEASE.jar;C:\software\apache-maven-3.6.3\repo\org\springframework\security\spring-security-rsa\1.0.7.RELEASE\spring-security-rsa-1.0.7.RELEASE.jar;C:\software\apache-maven-3.6.3\repo\org\bouncycastle\bcpkix-jdk15on\1.60\bcpkix-jdk15on-1.60.jar;C:\software\apache-maven-3.6.3\repo\org\bouncycastle\bcprov-jdk15on\1.60\bcprov-jdk15on-1.60.jar;C:\software\apache-maven-3.6.3\repo\org\springframework\cloud\spring-cloud-gateway-core\2.1.3.RELEASE\spring-cloud-gateway-core-2.1.3.RELEASE.jar;C:\software\apache-maven-3.6.3\repo\io\projectreactor\addons\reactor-extra\3.2.3.RELEASE\reactor-extra-3.2.3.RELEASE.jar;C:\software\apache-maven-3.6.3\repo\io\projectreactor\reactor-core\3.2.12.RELEASE\reactor-core-3.2.12.RELEASE.jar;C:\software\apache-maven-3.6.3\repo\org\reactivestreams\reactive-streams\1.0.3\reactive-streams-1.0.3.jar;C:\software\apache-maven-3.6.3\repo\org\springframework\boot\spring-boot-starter-webflux\2.1.8.RELEASE\spring-boot-starter-webflux-2.1.8.RELEASE.jar;C:\software\apache-maven-3.6.3\repo\org\springframework\boot\spring-boot-starter-json\2.1.8.RELEASE\spring-boot-starter-json-2.1.8.RELEASE.jar;C:\software\apache-maven-3.6.3\repo\com\fasterxml\jackson\core\jackson-databind\2.9.9.3\jackson-databind-2.9.9.3.jar;C:\software\apache-maven-3.6.3\repo\com\fasterxml\jackson\core\jackson-annotations\2.9.0\jackson-annotations-2.9.0.jar;C:\software\apache-maven-3.6.3\repo\com\fasterxml\jackson\datatype\jackson-datatype-jdk8\2.9.9\jackson-datatype-jdk8-2.9.9.jar;C:\software\apache-maven-3.6.3\repo\com\fasterxml\jackson\datatype\jackson-datatype-jsr310\2.9.9\jackson-datatype-jsr310-2.9.9.jar;C:\software\apache-maven-3.6.3\repo\com\fasterxml\jackson\module\jackson-module-parameter-names\2.9.9\jackson-module-parameter-names-2.9.9.jar;C:\software\apache-maven-3.6.3\repo\org\springframework\boot\spring-boot-starter-reactor-netty\2.1.8.RELEASE\spring-boot-starter-reactor-netty-2.1.8.RELEASE.jar;C:\software\apache-maven-3.6.3\repo\io\projectreactor\netty\reactor-netty\0.8.11.RELEASE\reactor-netty-0.8.11.RELEASE.jar;C:\software\apache-maven-3.6.3\repo\io\netty\netty-codec-http\4.1.39.Final\netty-codec-http-4.1.39.Final.jar;C:\software\apache-maven-3.6.3\repo\io\netty\netty-common\4.1.39.Final\netty-common-4.1.39.Final.jar;C:\software\apache-maven-3.6.3\repo\io\netty\netty-buffer\4.1.39.Final\netty-buffer-4.1.39.Final.jar;C:\software\apache-maven-3.6.3\repo\io\netty\netty-transport\4.1.39.Final\netty-transport-4.1.39.Final.jar;C:\software\apache-maven-3.6.3\repo\io\netty\netty-resolver\4.1.39.Final\netty-resolver-4.1.39.Final.jar;C:\software\apache-maven-3.6.3\repo\io\netty\netty-codec\4.1.39.Final\netty-codec-4.1.39.Final.jar;C:\software\apache-maven-3.6.3\repo\io\netty\netty-codec-http2\4.1.39.Final\netty-codec-http2-4.1.39.Final.jar;C:\software\apache-maven-3.6.3\repo\io\netty\netty-handler\4.1.39.Final\netty-handler-4.1.39.Final.jar;C:\software\apache-maven-3.6.3\repo\io\netty\netty-handler-proxy\4.1.39.Final\netty-handler-proxy-4.1.39.Final.jar;C:\software\apache-maven-3.6.3\repo\io\netty\netty-codec-socks\4.1.39.Final\netty-codec-socks-4.1.39.Final.jar;C:\software\apache-maven-3.6.3\repo\io\netty\netty-transport-native-epoll\4.1.39.Final\netty-transport-native-epoll-4.1.39.Final-linux-x86_64.jar;C:\software\apache-maven-3.6.3\repo\io\netty\netty-transport-native-unix-common\4.1.39.Final\netty-transport-native-unix-common-4.1.39.Final.jar;C:\software\apache-maven-3.6.3\repo\org\glassfish\javax.el\3.0.0\javax.el-3.0.0.jar;C:\software\apache-maven-3.6.3\repo\org\hibernate\validator\hibernate-validator\6.0.17.Final\hibernate-validator-6.0.17.Final.jar;C:\software\apache-maven-3.6.3\repo\org\jboss\logging\jboss-logging\3.3.3.Final\jboss-logging-3.3.3.Final.jar;C:\software\apache-maven-3.6.3\repo\com\fasterxml\classmate\1.4.0\classmate-1.4.0.jar;C:\software\apache-maven-3.6.3\repo\org\springframework\spring-web\5.1.9.RELEASE\spring-web-5.1.9.RELEASE.jar;C:\software\apache-maven-3.6.3\repo\org\springframework\spring-beans\5.1.9.RELEASE\spring-beans-5.1.9.RELEASE.jar;C:\software\apache-maven-3.6.3\repo\org\springframework\spring-webflux\5.1.9.RELEASE\spring-webflux-5.1.9.RELEASE.jar;C:\software\apache-maven-3.6.3\repo\org\synchronoss\cloud\nio-multipart-parser\1.1.0\nio-multipart-parser-1.1.0.jar;C:\software\apache-maven-3.6.3\repo\org\synchronoss\cloud\nio-stream-storage\1.1.3\nio-stream-storage-1.1.3.jar;C:\software\apache-maven-3.6.3\repo\org\springframework\boot\spring-boot-starter-test\2.1.8.RELEASE\spring-boot-starter-test-2.1.8.RELEASE.jar;C:\software\apache-maven-3.6.3\repo\org\springframework\boot\spring-boot-starter\2.1.8.RELEASE\spring-boot-starter-2.1.8.RELEASE.jar;C:\software\apache-maven-3.6.3\repo\org\springframework\boot\spring-boot\2.1.8.RELEASE\spring-boot-2.1.8.RELEASE.jar;C:\software\apache-maven-3.6.3\repo\org\springframework\spring-context\5.1.9.RELEASE\spring-context-5.1.9.RELEASE.jar;C:\software\apache-maven-3.6.3\repo\org\springframework\spring-aop\5.1.9.RELEASE\spring-aop-5.1.9.RELEASE.jar;C:\software\apache-maven-3.6.3\repo\org\springframework\spring-expression\5.1.9.RELEASE\spring-expression-5.1.9.RELEASE.jar;C:\software\apache-maven-3.6.3\repo\org\springframework\boot\spring-boot-starter-logging\2.1.8.RELEASE\spring-boot-starter-logging-2.1.8.RELEASE.jar;C:\software\apache-maven-3.6.3\repo\ch\qos\logback\logback-classic\1.2.3\logback-classic-1.2.3.jar;C:\software\apache-maven-3.6.3\repo\ch\qos\logback\logback-core\1.2.3\logback-core-1.2.3.jar;C:\software\apache-maven-3.6.3\repo\org\apache\logging\log4j\log4j-to-slf4j\2.11.2\log4j-to-slf4j-2.11.2.jar;C:\software\apache-maven-3.6.3\repo\org\apache\logging\log4j\log4j-api\2.11.2\log4j-api-2.11.2.jar;C:\software\apache-maven-3.6.3\repo\org\slf4j\jul-to-slf4j\1.7.28\jul-to-slf4j-1.7.28.jar;C:\software\apache-maven-3.6.3\repo\javax\annotation\javax.annotation-api\1.3.2\javax.annotation-api-1.3.2.jar;C:\software\apache-maven-3.6.3\repo\org\yaml\snakeyaml\1.23\snakeyaml-1.23.jar;C:\software\apache-maven-3.6.3\repo\org\springframework\boot\spring-boot-test\2.1.8.RELEASE\spring-boot-test-2.1.8.RELEASE.jar;C:\software\apache-maven-3.6.3\repo\org\springframework\boot\spring-boot-test-autoconfigure\2.1.8.RELEASE\spring-boot-test-autoconfigure-2.1.8.RELEASE.jar;C:\software\apache-maven-3.6.3\repo\com\jayway\jsonpath\json-path\2.4.0\json-path-2.4.0.jar;C:\software\apache-maven-3.6.3\repo\net\minidev\json-smart\2.3\json-smart-2.3.jar;C:\software\apache-maven-3.6.3\repo\net\minidev\accessors-smart\1.2\accessors-smart-1.2.jar;C:\software\apache-maven-3.6.3\repo\org\ow2\asm\asm\5.0.4\asm-5.0.4.jar;C:\software\apache-maven-3.6.3\repo\org\slf4j\slf4j-api\1.7.28\slf4j-api-1.7.28.jar;C:\software\apache-maven-3.6.3\repo\junit\junit\4.12\junit-4.12.jar;C:\software\apache-maven-3.6.3\repo\org\assertj\assertj-core\3.11.1\assertj-core-3.11.1.jar;C:\software\apache-maven-3.6.3\repo\org\mockito\mockito-core\2.23.4\mockito-core-2.23.4.jar;C:\software\apache-maven-3.6.3\repo\net\bytebuddy\byte-buddy\1.9.16\byte-buddy-1.9.16.jar;C:\software\apache-maven-3.6.3\repo\net\bytebuddy\byte-buddy-agent\1.9.16\byte-buddy-agent-1.9.16.jar;C:\software\apache-maven-3.6.3\repo\org\objenesis\objenesis\2.6\objenesis-2.6.jar;C:\software\apache-maven-3.6.3\repo\org\hamcrest\hamcrest-core\1.3\hamcrest-core-1.3.jar;C:\software\apache-maven-3.6.3\repo\org\hamcrest\hamcrest-library\1.3\hamcrest-library-1.3.jar;C:\software\apache-maven-3.6.3\repo\org\skyscreamer\jsonassert\1.5.0\jsonassert-1.5.0.jar;C:\software\apache-maven-3.6.3\repo\com\vaadin\external\google\android-json\0.0.20131108.vaadin1\android-json-0.0.20131108.vaadin1.jar;C:\software\apache-maven-3.6.3\repo\org\springframework\spring-core\5.1.9.RELEASE\spring-core-5.1.9.RELEASE.jar;C:\software\apache-maven-3.6.3\repo\org\springframework\spring-jcl\5.1.9.RELEASE\spring-jcl-5.1.9.RELEASE.jar;C:\software\apache-maven-3.6.3\repo\org\springframework\spring-test\5.1.9.RELEASE\spring-test-5.1.9.RELEASE.jar;C:\software\apache-maven-3.6.3\repo\org\xmlunit\xmlunit-core\2.6.3\xmlunit-core-2.6.3.jar;"/>
    <property name="sun.cpu.endian" value="little"/>
    <property name="user.home" value="C:\Users\dou"/>
    <property name="user.language" value="zh"/>
    <property name="java.specification.vendor" value="Oracle Corporation"/>
    <property name="java.home" value="C:\software\JDK8_64\jre"/>
    <property name="basedir" value="C:\hyWorkSpace\gulimall\gulimall-gateway"/>
    <property name="file.separator" value="\"/>
    <property name="line.separator" value="&#10;"/>
    <property name="java.vm.specification.vendor" value="Oracle Corporation"/>
    <property name="java.specification.name" value="Java Platform API Specification"/>
    <property name="java.awt.graphicsenv" value="sun.awt.Win32GraphicsEnvironment"/>
    <property name="surefire.real.class.path" value="C:\Users\dou\AppData\Local\Temp\surefire5852007031926099579\surefirebooter7294472507852953942.jar"/>
    <property name="sun.boot.class.path" value="C:\software\JDK8_64\jre\lib\resources.jar;C:\software\JDK8_64\jre\lib\rt.jar;C:\software\JDK8_64\jre\lib\sunrsasign.jar;C:\software\JDK8_64\jre\lib\jsse.jar;C:\software\JDK8_64\jre\lib\jce.jar;C:\software\JDK8_64\jre\lib\charsets.jar;C:\software\JDK8_64\jre\lib\jfr.jar;C:\software\JDK8_64\jre\classes"/>
    <property name="user.script" value=""/>
    <property name="sun.management.compiler" value="HotSpot 64-Bit Tiered Compilers"/>
    <property name="java.runtime.version" value="1.8.0_40-b25"/>
    <property name="user.name" value="dou"/>
    <property name="path.separator" value=";"/>
    <property name="os.version" value="6.3"/>
    <property name="java.endorsed.dirs" value="C:\software\JDK8_64\jre\lib\endorsed"/>
    <property name="java.runtime.name" value="Java(TM) SE Runtime Environment"/>
    <property name="file.encoding" value="GBK"/>
    <property name="java.vm.name" value="Java HotSpot(TM) 64-Bit Server VM"/>
    <property name="localRepository" value="C:\software\apache-maven-3.6.3\repo"/>
    <property name="java.vendor.url.bug" value="http://bugreport.sun.com/bugreport/"/>
    <property name="java.io.tmpdir" value="C:\Users\dou\AppData\Local\Temp\"/>
    <property name="idea.version" value="2022.3.2"/>
    <property name="java.version" value="1.8.0_40"/>
    <property name="user.dir" value="C:\hyWorkSpace\gulimall\gulimall-gateway"/>
    <property name="os.arch" value="amd64"/>
    <property name="java.vm.specification.name" value="Java Virtual Machine Specification"/>
    <property name="java.awt.printerjob" value="sun.awt.windows.WPrinterJob"/>
    <property name="sun.os.patch.level" value=""/>
    <property name="java.library.path" value="C:\software\JDK8_64\jre\bin;C:\Windows\Sun\Java\bin;C:\Windows\system32;C:\Windows;C:\Windows\system32;C:\Windows;C:\Windows\System32\Wbem;C:\Windows\System32\WindowsPowerShell\v1.0\;C:\Windows\System32\OpenSSH\;C:\software\JDK8_64\bin;C:\software\JDK8_64\jre\bin;C:\software\apache-maven-3.6.3\bin;C:\Program Files\Git\cmd;C:\Program Files (x86)\Tencent\微信web开发者工具\dll;C:\software\nvm;C:\software\nodejs;C:\Program Files\Microsoft SQL Server\Client SDK\ODBC\170\Tools\Binn\;C:\Program Files\Microsoft SQL Server\150\Tools\Binn\;C:\Program Files\dotnet\;C:\Program Files\IDM Computer Solutions\UltraEdit;C:\Users\dou\AppData\Local\Microsoft\WindowsApps;C:\software\nvm;C:\software\nodejs;C:\software\Microsoft VS Code\bin;C:\Users\dou\.dotnet\tools;."/>
    <property name="java.vm.info" value="mixed mode"/>
    <property name="java.vendor" value="Oracle Corporation"/>
    <property name="java.vm.version" value="25.40-b25"/>
    <property name="java.ext.dirs" value="C:\software\JDK8_64\jre\lib\ext;C:\Windows\Sun\Java\lib\ext"/>
    <property name="sun.io.unicode.encoding" value="UnicodeLittle"/>
    <property name="java.class.version" value="52.0"/>
  </properties>
  <testcase name="contextLoads" classname="com.atguigu.gulimall.gateway.GulimallGatewayApplicationTests" time="0.145"/>
</testsuite>